<testExecutions version="1">
  <file path="src\App.spec.tsx">
    <testCase name="Test app - Render Homepage" duration="39" />
  </file>
  <file path="src\components\BaseLayout\index.spec.tsx">
    <testCase name="Test BaseLayout component - Render BaseLayout component" duration="165" />
  </file>
  <file path="src\components\Branch\index.spec.tsx">
    <testCase name="Test app - Render Homepage" duration="182" />
  </file>
  <file path="src\components\FeaturedCollection\index.spec.tsx">
    <testCase name="Test Featured Collection component - Render Featured Collection component" duration="95">
      <error message="could not find react-redux context value; please ensure the component is wrapped in a &lt;Provider&gt;">
        <![CDATA[Error: could not find react-redux context value; please ensure the component is wrapped in a &lt;Provider&gt;
    at useReduxContext (F:\Workspace\Durotan\node_modules\react-redux\lib\hooks\useReduxContext.js:30:11)
    at useStore (F:\Workspace\Durotan\node_modules\react-redux\lib\hooks\useStore.js:25:9)
    at useDispatch (F:\Workspace\Durotan\node_modules\react-redux\lib\hooks\useDispatch.js:21:19)
    at useQuerySubscription (F:\Workspace\Durotan\node_modules\@reduxjs\toolkit\src\query\react\buildHooks.ts:687:24)
    at Module.useQuery (F:\Workspace\Durotan\node_modules\@reduxjs\toolkit\src\query\react\buildHooks.ts:962:42)
    at FeaturedCollection (F:\Workspace\Durotan\src\components\FeaturedCollection\index.tsx:7:31)
    at renderWithHooks (F:\Workspace\Durotan\node_modules\react-dom\cjs\react-dom.development.js:16305:18)
    at mountIndeterminateComponent (F:\Workspace\Durotan\node_modules\react-dom\cjs\react-dom.development.js:20074:13)
    at beginWork (F:\Workspace\Durotan\node_modules\react-dom\cjs\react-dom.development.js:21587:16)
    at HTMLUnknownElement.callCallback (F:\Workspace\Durotan\node_modules\react-dom\cjs\react-dom.development.js:4164:14)]]>
      </error>
    </testCase>
  </file>
  <file path="src\components\Philosophy\index.spec.tsx">
    <testCase name="Test Philosophy - Render Philosophy component" duration="82" />
  </file>
  <file path="src\components\Slide\index.spec.tsx">
    <testCase name="Test Slide component - Render Slide component" duration="174">
      <error message="[2mexpect([22m[31mreceived[39m[2m).toBeInTheDocument()[22m

[31mreceived[39m value must be an HTMLElement or an SVGElement.
">
        <![CDATA[Error: [2mexpect([22m[31mreceived[39m[2m).toBeInTheDocument()[22m

[31mreceived[39m value must be an HTMLElement or an SVGElement.

    at Proxy.expectWrapper (file:///F:/Workspace/Durotan/node_modules/@vitest/expect/dist/index.js:1312:40)
    at Proxy.methodWrapper (F:\Workspace\Durotan\node_modules\chai\lib\chai\utils\addMethod.js:57:25)
    at F:\Workspace\Durotan\src\components\Slide\index.spec.tsx:9:50
    at file:///F:/Workspace/Durotan/node_modules/@vitest/runner/dist/index.js:139:13
    at file:///F:/Workspace/Durotan/node_modules/@vitest/runner/dist/index.js:41:26
    at runTest (file:///F:/Workspace/Durotan/node_modules/@vitest/runner/dist/index.js:461:17)
    at runSuite (file:///F:/Workspace/Durotan/node_modules/@vitest/runner/dist/index.js:564:15)
    at runSuite (file:///F:/Workspace/Durotan/node_modules/@vitest/runner/dist/index.js:564:15)
    at runFiles (file:///F:/Workspace/Durotan/node_modules/@vitest/runner/dist/index.js:615:5)
    at startTests (file:///F:/Workspace/Durotan/node_modules/@vitest/runner/dist/index.js:624:3)]]>
      </error>
    </testCase>
  </file>
</testExecutions>